[debug] > Exec(early(addDefaultCommands), None, None)
[debug] > Exec(addDefaultCommands, None, None)
[debug] > Exec(early(initialize), None, None)
[debug] > Exec(initialize, None, None)
[debug] > Exec(boot, None, None)
[debug] > Exec(writeSbtVersion, None, None)
[debug] > Exec(reload, None, None)
[debug] > Exec(sbtStashOnFailure, None, None)
[debug] > Exec(onFailure loadFailed, None, None)
[debug] > Exec(loadp, None, None)
[info] welcome to sbt 1.10.7 (Amazon.com Inc. Java 11.0.26)
[debug] Load.defaultLoad until apply took 136.6203ms
[debug]           Load.loadUnit: plugins took 123.8711ms
[debug]           Load.loadUnit: defsScala took 0.3534ms
[debug] [Loading] Scanning directory C:\Users\lateb\Desktop\M2STLSORBONNE\PPC\TME8_code\TME8\project
[debug] [Loading] Found non-root projects 
[debug] [Loading] Done in C:\Users\lateb\Desktop\M2STLSORBONNE\PPC\TME8_code\TME8\project, returning: ()
[debug] deducing auto plugins based on known facts Set(Atom(sbt.plugins.CorePlugin)) and clauses Clauses(Clause(Atom(sbt.plugins.JvmPlugin),Set(Atom(sbt.plugins.IvyPlugin)))
[debug] Clause(Atom(sbt.ScriptedPlugin),Set(Atom(sbt.plugins.JvmPlugin)))
[debug] Clause(Atom(sbt.plugins.SbtPlugin),Set(Atom(sbt.ScriptedPlugin)))
[debug] Clause(Atom(sbt.plugins.SemanticdbPlugin),Set(Atom(sbt.plugins.JvmPlugin)))
[debug] Clause(Atom(sbt.plugins.JUnitXmlReportPlugin),Set(Atom(sbt.plugins.JvmPlugin)))
[debug] Clause(Atom(sbt.plugins.MiniDependencyTreePlugin),Set(Atom(sbt.plugins.JvmPlugin)))
[debug] Clause(Atom(sbt.plugins.CorePlugin),Set(Atom(sbt.plugins.IvyPlugin)))
[debug] Clause(Atom(sbt.plugins.IvyPlugin),Set(Atom(sbt.plugins.JvmPlugin)))
[debug] Clause(Atom(sbt.plugins.JvmPlugin),Set(Atom(sbt.plugins.SemanticdbPlugin)))
[debug] Clause(Atom(sbt.plugins.JvmPlugin),Set(Atom(sbt.plugins.JUnitXmlReportPlugin)))
[debug] Clause(Atom(sbt.plugins.CorePlugin),Set(Atom(sbt.plugins.Giter8TemplatePlugin)))
[debug] Clause(Atom(sbt.plugins.JvmPlugin),Set(Atom(sbt.plugins.MiniDependencyTreePlugin))))
[debug]   :: deduced result: Matched(sbt.plugins.CorePlugin,sbt.plugins.Giter8TemplatePlugin,sbt.plugins.IvyPlugin,sbt.plugins.JvmPlugin,sbt.plugins.MiniDependencyTreePlugin,sbt.plugins.JUnitXmlReportPlugin,sbt.plugins.SemanticdbPlugin)
[debug] Plugins.deducer#function took 25.3301 ms
[debug]               Load.resolveProject(tme8-build) took 68.2204ms
[debug]             Load.loadTransitive: finalizeProject(Project(id tme8-build, base: C:\Users\lateb\Desktop\M2STLSORBONNE\PPC\TME8_code\TME8\project, plugins: List(<none>))) took 125.3628ms
[debug] [Loading] Done in C:\Users\lateb\Desktop\M2STLSORBONNE\PPC\TME8_code\TME8\project, returning: (tme8-build)
[debug]           Load.loadUnit: loadedProjectsRaw took 148.3672ms
[debug]           Load.loadUnit: cleanEvalClasses took 0.3141ms
[debug]         Load.loadUnit(file:/C:/Users/lateb/Desktop/M2STLSORBONNE/PPC/TME8_code/TME8/project/, ...) took 280.3593ms
[debug]       Load.apply: load took 568.8866ms
[debug]       Load.apply: resolveProjects took 11.8109ms
[debug]       Load.apply: finalTransforms took 102.7474ms
[debug]       Load.apply: config.delegates took 22.3555ms
[debug]       Load.apply: Def.make(settings)... took 946.8294ms
[debug]       Load.apply: structureIndex took 247.2154ms
[debug]       Load.apply: mkStreams took 9.2821ms
[info] loading project definition from C:\Users\lateb\Desktop\M2STLSORBONNE\PPC\TME8_code\TME8\project
[debug] Running task... Cancel: Signal, check cycles: false, forcegc: true
