2025.02.10 14:36:32 INFO  Started: Metals version 1.5.1 in folders 'C:\Users\lateb\Desktop\M2STLSORBONNE\PPC\TME8_code' for client Cursor 1.96.2.
févr. 10, 2025 2:36:33 PM org.eclipse.lsp4j.jsonrpc.services.GenericEndpoint notify
WARNING: Unsupported notification method: metals/windowStateDidChange
2025.02.10 14:36:37 INFO  no build target found for C:\Users\lateb\Desktop\M2STLSORBONNE\PPC\TME8_code\TME8\src\main\scala\bach.scala. Using presentation compiler with project's scala-library version: 3.3.4
févr. 10, 2025 2:36:43 PM org.eclipse.lsp4j.jsonrpc.services.GenericEndpoint notify
WARNING: Unsupported notification method: metals/windowStateDidChange
févr. 10, 2025 2:37:46 PM org.eclipse.lsp4j.jsonrpc.services.GenericEndpoint notify
WARNING: Unsupported notification method: metals/windowStateDidChange
févr. 10, 2025 2:37:54 PM org.eclipse.lsp4j.jsonrpc.services.GenericEndpoint notify
WARNING: Unsupported notification method: metals/windowStateDidChange
févr. 10, 2025 2:37:59 PM org.eclipse.lsp4j.jsonrpc.services.GenericEndpoint notify
WARNING: Unsupported notification method: metals/windowStateDidChange
2025.02.10 14:37:59 INFO  running 'C:\Program Files\Java\jdk-23\bin\java.exe -Djline.terminal=jline.UnsupportedTerminal -Dsbt.log.noformat=true -Dfile.encoding=UTF-8 -Dsbt.version=1.10.7 -jar C:\Users\lateb\AppData\Local\Temp\metals1272695627438233490\sbt-launch.jar -Dbloop.export-jar-classifiers=sources bloopInstall'
2025.02.10 14:38:09 INFO  [info] Updated file C:\Users\lateb\Desktop\M2STLSORBONNE\PPC\TME8_code\PLAYER\project\build.properties: set sbt.version to 1.10.7
2025.02.10 14:38:09 INFO  [info] welcome to sbt 1.10.7 (Oracle Corporation Java 23)
2025.02.10 14:38:11 INFO  [info] loading settings for project player-build-build from metals.sbt...
2025.02.10 14:38:12 INFO  [info] loading project definition from C:\Users\lateb\Desktop\M2STLSORBONNE\PPC\TME8_code\PLAYER\project\project
2025.02.10 14:38:17 INFO  [info] loading settings for project player-build from metals.sbt...
2025.02.10 14:38:17 INFO  [info] loading project definition from C:\Users\lateb\Desktop\M2STLSORBONNE\PPC\TME8_code\PLAYER\project
2025.02.10 14:38:17 INFO  no build target found for C:\Users\lateb\Desktop\M2STLSORBONNE\PPC\TME8_code\TME8\src\main\scala\bach.scala. Using presentation compiler with project's scala-library version: 3.3.4
févr. 10, 2025 2:38:20 PM org.eclipse.lsp4j.jsonrpc.services.GenericEndpoint notify
WARNING: Unsupported notification method: metals/windowStateDidChange
2025.02.10 14:38:23 INFO  [success] Generated .bloop\player-build.json
2025.02.10 14:38:23 INFO  [success] Total time: 6 s, completed 10 févr. 2025, 14:38:23
2025.02.10 14:38:25 INFO  [info] loading settings for project root from build.sbt...
2025.02.10 14:38:25 INFO  [info] set current project to player (in build file:/C:/Users/lateb/Desktop/M2STLSORBONNE/PPC/TME8_code/PLAYER/)
2025.02.10 14:38:34 INFO  [success] Generated .bloop\root-test.json
2025.02.10 14:38:34 INFO  [success] Generated .bloop\root.json
2025.02.10 14:38:34 INFO  [success] Total time: 9 s, completed 10 févr. 2025, 14:38:34
2025.02.10 14:38:34 INFO  time: ran 'sbt bloopInstall' in 35s
2025.02.10 14:38:34 INFO  Attempting to connect to the build server...
2025.02.10 14:38:34 INFO  No running Bloop server found, starting one.
2025.02.10 14:38:48 INFO  Starting compilation server
2025.02.10 14:38:50 INFO  tracing is disabled for protocol BSP, to enable tracing of incoming and outgoing JSON messages create an empty file at C:\Users\lateb\Desktop\M2STLSORBONNE\PPC\TME8_code\.metals\bsp.trace.json or C:\Users\lateb\AppData\Local\scalameta\metals\cache\bsp.trace.json
2025.02.10 14:38:55 INFO  time: Connected to build server in 20s
2025.02.10 14:38:55 INFO  Connected to Build server: Bloop v2.0.8
2025.02.10 14:38:55 INFO  time: Imported build in 0.15s
2025.02.10 14:38:55 INFO  running doctor check
2025.02.10 14:38:55 INFO  java targets: root, root-test
2025.02.10 14:38:55 WARN  2.12.12 is no longer supported in the current Metals versions, using the last known supported version 1.3.3
févr. 10, 2025 2:39:06 PM org.eclipse.lsp4j.jsonrpc.services.GenericEndpoint notify
WARNING: Unsupported notification method: metals/windowStateDidChange
févr. 10, 2025 2:39:10 PM scala.meta.internal.metals.StdReporter $anonfun$create$1
SEVERE: Java indexer failed with and exception. (full report at: C:\Users\lateb\Desktop\M2STLSORBONNE\PPC\TME8_code\.metals\.reports\metals-full\2025-02-10\r_failed-idex-java_14-39-10-555.md)
févr. 10, 2025 2:39:20 PM org.eclipse.lsp4j.jsonrpc.services.GenericEndpoint notify
WARNING: Unsupported notification method: metals/windowStateDidChange
2025.02.10 14:39:20 INFO  time: indexed workspace in 25s
2025.02.10 14:39:20 WARN  no build target for: C:\Users\lateb\Desktop\M2STLSORBONNE\PPC\TME8_code\TME8\src\main\scala\bach.scala
2025.02.10 14:39:20 INFO  no build target found for C:\Users\lateb\Desktop\M2STLSORBONNE\PPC\TME8_code\TME8\src\main\scala\bach.scala. Using presentation compiler with project's scala-library version: 2.12.20
2025.02.10 14:39:34 INFO  time: code lens generation in 13s
2025.02.10 14:39:34 INFO  time: code lens generation in 13s
2025.02.10 14:39:34 INFO  time: code lens generation in 13s
2025.02.10 14:39:34 INFO  time: code lens generation in 13s
févr. 10, 2025 2:39:44 PM org.eclipse.lsp4j.jsonrpc.services.GenericEndpoint notify
WARNING: Unsupported notification method: metals/windowStateDidChange
févr. 10, 2025 2:39:51 PM org.eclipse.lsp4j.jsonrpc.services.GenericEndpoint notify
WARNING: Unsupported notification method: metals/windowStateDidChange
févr. 10, 2025 2:39:58 PM org.eclipse.lsp4j.jsonrpc.services.GenericEndpoint notify
WARNING: Unsupported notification method: metals/windowStateDidChange
févr. 10, 2025 2:40:03 PM org.eclipse.lsp4j.jsonrpc.services.GenericEndpoint notify
WARNING: Unsupported notification method: metals/windowStateDidChange
févr. 10, 2025 2:40:46 PM org.eclipse.lsp4j.jsonrpc.services.GenericEndpoint notify
WARNING: Unsupported notification method: metals/windowStateDidChange
févr. 10, 2025 2:42:30 PM org.eclipse.lsp4j.jsonrpc.services.GenericEndpoint notify
WARNING: Unsupported notification method: metals/windowStateDidChange
févr. 10, 2025 2:42:32 PM org.eclipse.lsp4j.jsonrpc.services.GenericEndpoint notify
WARNING: Unsupported notification method: metals/windowStateDidChange
2025.02.10 14:42:38 INFO  no build target found for C:\Users\lateb\Desktop\M2STLSORBONNE\PPC\TME8_code\TME8\src\main\scala\bach.scala. Using presentation compiler with project's scala-library version: 2.12.20
2025.02.10 14:42:46 INFO  no build target found for C:\Users\lateb\Desktop\M2STLSORBONNE\PPC\TME8_code\TME8\src\main\scala\bach.scala. Using presentation compiler with project's scala-library version: 2.12.20
2025.02.10 14:42:59 INFO  no build target found for C:\Users\lateb\Desktop\M2STLSORBONNE\PPC\TME8_code\TME8\src\main\scala\bach.scala. Using presentation compiler with project's scala-library version: 2.12.20
2025.02.10 14:43:00 INFO  compiling root (1 scala source)
2025.02.10 14:43:00 INFO  Non-compiled module 'compiler-bridge_2.12' for Scala 2.12.12. Compiling...
févr. 10, 2025 2:43:01 PM scala.meta.internal.pc.CompilerAccess retryWithCleanCompiler
INFO: compiler crashed due to an error in the Scala compiler, retrying with new compiler instance.
févr. 10, 2025 2:43:01 PM scala.meta.internal.pc.CompilerAccess handleError
SEVERE: A severe compiler error occurred, full details of the error can be found in the error report C:\Users\lateb\Desktop\M2STLSORBONNE\PPC\TME8_code\.metals\.reports\metals-full\2025-02-10\r_compiler-error_(root)_14-43-01-453.md
2025.02.10 14:43:01 WARN  Could not find semantic tokens for: file:///C:/Users/lateb/Desktop/M2STLSORBONNE/PPC/TME8_code/PLAYER/src/main/scala/player.scala
févr. 10, 2025 2:43:01 PM scala.meta.internal.pc.CompilerAccess retryWithCleanCompiler
INFO: compiler crashed due to an error in the Scala compiler, retrying with new compiler instance.
févr. 10, 2025 2:43:01 PM scala.meta.internal.pc.CompilerAccess handleError
SEVERE: A severe compiler error occurred, full details of the error can be found in the error report C:\Users\lateb\Desktop\M2STLSORBONNE\PPC\TME8_code\.metals\.reports\metals-full\2025-02-10\r_compiler-error_(root)_14-43-01-576.md
2025.02.10 14:43:02 INFO  time: compiled root in 1.5s
févr. 10, 2025 2:43:02 PM scala.meta.internal.pc.CompilerAccess retryWithCleanCompiler
INFO: compiler crashed due to an error in the Scala compiler, retrying with new compiler instance.
févr. 10, 2025 2:43:02 PM scala.meta.internal.pc.CompilerAccess handleError
SEVERE: A severe compiler error occurred, full details of the error can be found in the error report C:\Users\lateb\Desktop\M2STLSORBONNE\PPC\TME8_code\.metals\.reports\metals-full\2025-02-10\r_compiler-error_(root)_14-43-02-139.md
2025.02.10 14:43:02 WARN  Could not find semantic tokens for: file:///C:/Users/lateb/Desktop/M2STLSORBONNE/PPC/TME8_code/PLAYER/src/main/scala/player.scala
2025.02.10 14:43:06 INFO  no build target found for C:\Users\lateb\Desktop\M2STLSORBONNE\PPC\TME8_code\TME8\src\main\scala\bach.scala. Using presentation compiler with project's scala-library version: 2.12.20
févr. 10, 2025 2:43:06 PM scala.meta.internal.pc.CompilerAccess retryWithCleanCompiler
INFO: compiler crashed due to an error in the Scala compiler, retrying with new compiler instance.
2025.02.10 14:43:06 INFO  no build target found for C:\Users\lateb\Desktop\M2STLSORBONNE\PPC\TME8_code\TME8\src\main\scala\bach.scala. Using presentation compiler with project's scala-library version: 2.12.20
févr. 10, 2025 2:43:06 PM scala.meta.internal.pc.CompilerAccess handleError
SEVERE: A severe compiler error occurred, full details of the error can be found in the error report C:\Users\lateb\Desktop\M2STLSORBONNE\PPC\TME8_code\.metals\.reports\metals-full\2025-02-10\r_compiler-error_(root)_14-43-06-332.md
févr. 10, 2025 2:43:16 PM org.eclipse.lsp4j.jsonrpc.services.GenericEndpoint notify
WARNING: Unsupported notification method: metals/windowStateDidChange
févr. 10, 2025 2:43:34 PM org.eclipse.lsp4j.jsonrpc.services.GenericEndpoint notify
WARNING: Unsupported notification method: metals/windowStateDidChange
2025.02.10 14:44:02 INFO  no build target found for C:\Users\lateb\Desktop\M2STLSORBONNE\PPC\TME8_code\TME8\src\main\scala\bach.scala. Using presentation compiler with project's scala-library version: 2.12.20
févr. 10, 2025 2:44:03 PM org.eclipse.lsp4j.jsonrpc.services.GenericEndpoint notify
WARNING: Unsupported notification method: metals/windowStateDidChange
févr. 10, 2025 2:44:09 PM org.eclipse.lsp4j.jsonrpc.services.GenericEndpoint notify
WARNING: Unsupported notification method: metals/windowStateDidChange
2025.02.10 14:44:33 INFO  no build target found for C:\Users\lateb\Desktop\M2STLSORBONNE\PPC\TME8_code\TME8\src\main\scala\bach.scala. Using presentation compiler with project's scala-library version: 2.12.20
2025.02.10 14:45:03 INFO  no build target found for C:\Users\lateb\Desktop\M2STLSORBONNE\PPC\TME8_code\TME8\src\main\scala\bach.scala. Using presentation compiler with project's scala-library version: 2.12.20
févr. 10, 2025 2:45:12 PM org.eclipse.lsp4j.jsonrpc.services.GenericEndpoint notify
WARNING: Unsupported notification method: metals/windowStateDidChange
févr. 10, 2025 2:45:42 PM org.eclipse.lsp4j.jsonrpc.services.GenericEndpoint notify
WARNING: Unsupported notification method: metals/windowStateDidChange
févr. 10, 2025 2:45:43 PM org.eclipse.lsp4j.jsonrpc.services.GenericEndpoint notify
WARNING: Unsupported notification method: metals/windowStateDidChange
févr. 10, 2025 2:45:48 PM org.eclipse.lsp4j.jsonrpc.services.GenericEndpoint notify
WARNING: Unsupported notification method: metals/windowStateDidChange
févr. 10, 2025 2:45:50 PM org.eclipse.lsp4j.jsonrpc.services.GenericEndpoint notify
WARNING: Unsupported notification method: metals/windowStateDidChange
févr. 10, 2025 2:46:03 PM org.eclipse.lsp4j.jsonrpc.services.GenericEndpoint notify
WARNING: Unsupported notification method: metals/windowStateDidChange
2025.02.10 14:46:03 INFO  no build target found for C:\Users\lateb\Desktop\M2STLSORBONNE\PPC\TME8_code\TME8\src\main\scala\bach.scala. Using presentation compiler with project's scala-library version: 2.12.20
févr. 10, 2025 2:46:23 PM org.eclipse.lsp4j.jsonrpc.services.GenericEndpoint notify
WARNING: Unsupported notification method: metals/windowStateDidChange
févr. 10, 2025 2:47:12 PM org.eclipse.lsp4j.jsonrpc.services.GenericEndpoint notify
WARNING: Unsupported notification method: metals/windowStateDidChange
févr. 10, 2025 3:01:46 PM org.eclipse.lsp4j.jsonrpc.services.GenericEndpoint notify
WARNING: Unsupported notification method: metals/windowStateDidChange
2025.02.10 15:01:49 INFO  Shutting down server
2025.02.10 15:01:49 INFO  shutting down Metals
2025.02.10 15:01:49 INFO  Shut down connection with build server.
2025.02.10 15:01:49 INFO  Exiting server
