[0m[[0m[0mdebug[0m] [0m[0m> Exec(run, Some(b83ce572-892a-4263-856b-39423e436929), Some(CommandSource(console0)))[0m
[0m[[0m[0mdebug[0m] [0m[0mEvaluating tasks: Compile / run[0m
[0m[[0m[0mdebug[0m] [0m[0mRunning task... Cancel: Signal, check cycles: false, forcegc: true[0m
[0m[[0m[31merror[0m] [0m[0mjavax.sound.midi.MidiUnavailableException: Can not open line[0m
[0m[[0m[31merror[0m] [0m[0m	at java.desktop/com.sun.media.sound.SoftSynthesizer.open(SoftSynthesizer.java:1180)[0m
[0m[[0m[31merror[0m] [0m[0m	at java.desktop/com.sun.media.sound.SoftSynthesizer.open(SoftSynthesizer.java:1090)[0m
[0m[[0m[31merror[0m] [0m[0m	at upmc.akka.culto.player$.main(player.scala:62)[0m
[0m[[0m[31merror[0m] [0m[0m	at upmc.akka.culto.player.main(player.scala)[0m
[0m[[0m[31merror[0m] [0m[0m	at java.base/jdk.internal.reflect.NativeMethodAccessorImpl.invoke0(Native Method)[0m
[0m[[0m[31merror[0m] [0m[0m	at java.base/jdk.internal.reflect.NativeMethodAccessorImpl.invoke(NativeMethodAccessorImpl.java:62)[0m
[0m[[0m[31merror[0m] [0m[0m	at java.base/jdk.internal.reflect.DelegatingMethodAccessorImpl.invoke(DelegatingMethodAccessorImpl.java:43)[0m
[0m[[0m[31merror[0m] [0m[0m	at java.base/java.lang.reflect.Method.invoke(Method.java:566)[0m
[0m[[0m[31merror[0m] [0m[0m	at sbt.Run.invokeMain(Run.scala:144)[0m
[0m[[0m[31merror[0m] [0m[0m	at sbt.Run.execute$1(Run.scala:94)[0m
[0m[[0m[31merror[0m] [0m[0m	at sbt.Run.$anonfun$runWithLoader$5(Run.scala:121)[0m
[0m[[0m[31merror[0m] [0m[0m	at sbt.Run$.executeSuccess(Run.scala:187)[0m
[0m[[0m[31merror[0m] [0m[0m	at sbt.Run.runWithLoader(Run.scala:121)[0m
[0m[[0m[31merror[0m] [0m[0m	at sbt.Defaults$.$anonfun$bgRunTask$6(Defaults.scala:2044)[0m
[0m[[0m[31merror[0m] [0m[0m	at sbt.Defaults$.$anonfun$termWrapper$2(Defaults.scala:1983)[0m
[0m[[0m[31merror[0m] [0m[0m	at scala.runtime.java8.JFunction0$mcV$sp.apply(JFunction0$mcV$sp.java:23)[0m
[0m[[0m[31merror[0m] [0m[0m	at scala.util.Try$.apply(Try.scala:213)[0m
[0m[[0m[31merror[0m] [0m[0m	at sbt.internal.BackgroundThreadPool$BackgroundRunnable.run(DefaultBackgroundJobService.scala:369)[0m
[0m[[0m[31merror[0m] [0m[0m	at java.base/java.util.concurrent.ThreadPoolExecutor.runWorker(ThreadPoolExecutor.java:1128)[0m
[0m[[0m[31merror[0m] [0m[0m	at java.base/java.util.concurrent.ThreadPoolExecutor$Worker.run(ThreadPoolExecutor.java:628)[0m
[0m[[0m[31merror[0m] [0m[0m	at java.base/java.lang.Thread.run(Thread.java:829)[0m
[0m[[0m[31merror[0m] [0m[0mCaused by: java.lang.IllegalArgumentException: No line matching interface SourceDataLine supporting format PCM_SIGNED 44100.0 Hz, 16 bit, stereo, 4 bytes/frame, little-endian is supported.[0m
[0m[[0m[31merror[0m] [0m[0m	at java.desktop/javax.sound.sampled.AudioSystem.getLine(AudioSystem.java:425)[0m
[0m[[0m[31merror[0m] [0m[0m	at java.desktop/javax.sound.sampled.AudioSystem.getSourceDataLine(AudioSystem.java:534)[0m
[0m[[0m[31merror[0m] [0m[0m	at java.desktop/com.sun.media.sound.SoftSynthesizer.open(SoftSynthesizer.java:1120)[0m
[0m[[0m[31merror[0m] [0m[0m	at java.desktop/com.sun.media.sound.SoftSynthesizer.open(SoftSynthesizer.java:1090)[0m
[0m[[0m[31merror[0m] [0m[0m	at upmc.akka.culto.player$.main(player.scala:62)[0m
[0m[[0m[31merror[0m] [0m[0m	at upmc.akka.culto.player.main(player.scala)[0m
[0m[[0m[31merror[0m] [0m[0m	at java.base/jdk.internal.reflect.NativeMethodAccessorImpl.invoke0(Native Method)[0m
[0m[[0m[31merror[0m] [0m[0m	at java.base/jdk.internal.reflect.NativeMethodAccessorImpl.invoke(NativeMethodAccessorImpl.java:62)[0m
[0m[[0m[31merror[0m] [0m[0m	at java.base/jdk.internal.reflect.DelegatingMethodAccessorImpl.invoke(DelegatingMethodAccessorImpl.java:43)[0m
[0m[[0m[31merror[0m] [0m[0m	at java.base/java.lang.reflect.Method.invoke(Method.java:566)[0m
[0m[[0m[31merror[0m] [0m[0m	at sbt.Run.invokeMain(Run.scala:144)[0m
[0m[[0m[31merror[0m] [0m[0m	at sbt.Run.execute$1(Run.scala:94)[0m
[0m[[0m[31merror[0m] [0m[0m	at sbt.Run.$anonfun$runWithLoader$5(Run.scala:121)[0m
[0m[[0m[31merror[0m] [0m[0m	at sbt.Run$.executeSuccess(Run.scala:187)[0m
[0m[[0m[31merror[0m] [0m[0m	at sbt.Run.runWithLoader(Run.scala:121)[0m
[0m[[0m[31merror[0m] [0m[0m	at sbt.Defaults$.$anonfun$bgRunTask$6(Defaults.scala:2044)[0m
[0m[[0m[31merror[0m] [0m[0m	at sbt.Defaults$.$anonfun$termWrapper$2(Defaults.scala:1983)[0m
[0m[[0m[31merror[0m] [0m[0m	at scala.runtime.java8.JFunction0$mcV$sp.apply(JFunction0$mcV$sp.java:23)[0m
[0m[[0m[31merror[0m] [0m[0m	at scala.util.Try$.apply(Try.scala:213)[0m
[0m[[0m[31merror[0m] [0m[0m	at sbt.internal.BackgroundThreadPool$BackgroundRunnable.run(DefaultBackgroundJobService.scala:369)[0m
[0m[[0m[31merror[0m] [0m[0m	at java.base/java.util.concurrent.ThreadPoolExecutor.runWorker(ThreadPoolExecutor.java:1128)[0m
[0m[[0m[31merror[0m] [0m[0m	at java.base/java.util.concurrent.ThreadPoolExecutor$Worker.run(ThreadPoolExecutor.java:628)[0m
[0m[[0m[31merror[0m] [0m[0m	at java.base/java.lang.Thread.run(Thread.java:829)[0m
[0m[[0m[31merror[0m] [0m[0m(Compile / [31mrun[0m) javax.sound.midi.MidiUnavailableException: Can not open line[0m
[0m[[0m[31merror[0m] [0m[0mTotal time: 3 s, completed Feb 10, 2025, 3:26:45 PM[0m
[0m[[0m[0mdebug[0m] [0m[0m> Exec(shell, None, None)[0m
